MEM 3250.082031 1512744181.5102
CHLD 0 2.390625 1512744181.5161
CHLD 1 2.382812 1512744181.5161
CHLD 2 2.378906 1512744181.5161
CHLD 3 2170.566406 1512744181.5162
CHLD 4 84.242188 1512744181.5162
CHLD 5 9.203125 1512744181.5162
MEM 3458.500000 1512744181.6235
CHLD 0 2.390625 1512744181.6292
CHLD 1 2.382812 1512744181.6292
CHLD 2 2.378906 1512744181.6292
CHLD 3 2339.500000 1512744181.6292
CHLD 4 84.242188 1512744181.6292
CHLD 5 9.203125 1512744181.6292
MEM 3418.707031 1512744181.7363
CHLD 0 2.390625 1512744181.7420
CHLD 1 2.382812 1512744181.7421
CHLD 2 2.378906 1512744181.7421
CHLD 3 2338.332031 1512744181.7421
CHLD 4 84.242188 1512744181.7421
CHLD 5 9.203125 1512744181.7421
MEM 3003.597656 1512744181.8488
CHLD 0 2.390625 1512744181.8544
CHLD 1 2.382812 1512744181.8545
CHLD 2 2.378906 1512744181.8545
CHLD 3 1924.488281 1512744181.8545
CHLD 4 84.242188 1512744181.8545
CHLD 5 9.203125 1512744181.8545
MEM 3226.011719 1512744181.9608
CHLD 0 2.390625 1512744181.9669
CHLD 1 2.382812 1512744181.9670
CHLD 2 2.378906 1512744181.9670
CHLD 3 2147.167969 1512744181.9670
CHLD 4 84.242188 1512744181.9670
CHLD 5 9.203125 1512744181.9670
MEM 3136.062500 1512744182.0757
CHLD 0 2.390625 1512744182.0818
CHLD 1 2.382812 1512744182.0819
CHLD 2 2.378906 1512744182.0819
CHLD 3 2059.710938 1512744182.0819
CHLD 4 84.242188 1512744182.0819
CHLD 5 9.203125 1512744182.0820
MEM 3101.160156 1512744182.1901
CHLD 0 2.390625 1512744182.1969
CHLD 1 2.382812 1512744182.1969
CHLD 2 2.378906 1512744182.1969
CHLD 3 2013.199219 1512744182.1970
CHLD 4 84.242188 1512744182.1970
CHLD 5 9.203125 1512744182.1970
MEM 3070.453125 1512744182.3038
CHLD 0 2.390625 1512744182.3096
CHLD 1 2.382812 1512744182.3096
CHLD 2 2.378906 1512744182.3096
CHLD 3 1966.324219 1512744182.3096
CHLD 4 84.242188 1512744182.3097
CHLD 5 9.203125 1512744182.3097
MEM 3244.031250 1512744182.4171
CHLD 0 2.390625 1512744182.4226
CHLD 1 2.382812 1512744182.4226
CHLD 2 2.378906 1512744182.4227
CHLD 3 2164.054688 1512744182.4227
CHLD 4 84.242188 1512744182.4227
CHLD 5 9.203125 1512744182.4227
MEM 3431.250000 1512744182.5295
CHLD 0 2.390625 1512744182.5360
CHLD 1 2.382812 1512744182.5360
CHLD 2 2.378906 1512744182.5361
CHLD 3 2354.933594 1512744182.5361
CHLD 4 84.242188 1512744182.5361
CHLD 5 9.203125 1512744182.5361
MEM 3032.207031 1512744182.6437
CHLD 0 2.390625 1512744182.6491
CHLD 1 2.382812 1512744182.6491
CHLD 2 2.378906 1512744182.6491
CHLD 3 1943.968750 1512744182.6491
CHLD 4 84.242188 1512744182.6491
CHLD 5 9.203125 1512744182.6491
MEM 2748.632812 1512744182.7599
CHLD 0 2.390625 1512744182.7657
CHLD 1 2.382812 1512744182.7657
CHLD 2 2.378906 1512744182.7657
CHLD 3 1673.246094 1512744182.7657
CHLD 4 84.242188 1512744182.7657
CHLD 5 9.203125 1512744182.7658
MEM 2992.839844 1512744182.8779
CHLD 0 2.390625 1512744182.8836
CHLD 1 2.382812 1512744182.8836
CHLD 2 2.378906 1512744182.8836
CHLD 3 1914.156250 1512744182.8836
CHLD 4 84.242188 1512744182.8837
CHLD 5 9.203125 1512744182.8837
MEM 3209.800781 1512744182.9949
CHLD 0 2.390625 1512744183.0016
CHLD 1 2.382812 1512744183.0016
CHLD 2 2.378906 1512744183.0017
CHLD 3 2127.382812 1512744183.0017
CHLD 4 84.242188 1512744183.0017
CHLD 5 9.203125 1512744183.0017
MEM 2869.773438 1512744183.1095
CHLD 0 2.390625 1512744183.1170
CHLD 1 2.382812 1512744183.1170
CHLD 2 2.378906 1512744183.1170
CHLD 3 1732.324219 1512744183.1170
CHLD 4 84.242188 1512744183.1171
CHLD 5 9.203125 1512744183.1171
MEM 2910.980469 1512744183.2255
CHLD 0 2.390625 1512744183.2313
CHLD 1 2.382812 1512744183.2314
CHLD 2 2.378906 1512744183.2314
CHLD 3 1835.710938 1512744183.2314
CHLD 4 84.242188 1512744183.2314
CHLD 5 9.203125 1512744183.2314
MEM 2808.742188 1512744183.3417
CHLD 0 2.390625 1512744183.3489
CHLD 1 2.382812 1512744183.3489
CHLD 2 2.378906 1512744183.3490
CHLD 3 1729.878906 1512744183.3490
CHLD 4 84.242188 1512744183.3490
CHLD 5 9.203125 1512744183.3490
MEM 2267.570312 1512744183.4599
CHLD 0 2.390625 1512744183.4656
CHLD 1 2.382812 1512744183.4656
CHLD 2 2.378906 1512744183.4656
CHLD 3 1180.476562 1512744183.4656
CHLD 4 84.226562 1512744183.4656
CHLD 5 9.203125 1512744183.4657
MEM 2063.253906 1512744183.5731
CHLD 0 2.390625 1512744183.5796
CHLD 1 2.382812 1512744183.5796
CHLD 2 2.378906 1512744183.5796
CHLD 3 976.175781 1512744183.5797
CHLD 4 84.242188 1512744183.5797
CHLD 5 9.203125 1512744183.5797
MEM 2100.402344 1512744183.6889
CHLD 0 2.390625 1512744183.6950
CHLD 1 2.382812 1512744183.6951
CHLD 2 2.378906 1512744183.6951
CHLD 3 1015.265625 1512744183.6951
CHLD 4 84.242188 1512744183.6951
CHLD 5 9.203125 1512744183.6951
MEM 2200.421875 1512744183.8076
CHLD 0 2.390625 1512744183.8134
CHLD 1 2.382812 1512744183.8134
CHLD 2 2.378906 1512744183.8135
CHLD 3 1115.347656 1512744183.8135
CHLD 4 84.242188 1512744183.8135
CHLD 5 9.203125 1512744183.8135
MEM 2338.113281 1512744183.9210
CHLD 0 2.390625 1512744183.9280
CHLD 1 2.382812 1512744183.9284
CHLD 2 2.378906 1512744183.9285
CHLD 3 1262.695312 1512744183.9285
CHLD 4 84.242188 1512744183.9285
CHLD 5 9.203125 1512744183.9285
MEM 2572.226562 1512744184.0352
CHLD 0 2.390625 1512744184.0424
CHLD 1 2.382812 1512744184.0424
CHLD 2 2.378906 1512744184.0425
CHLD 3 1494.054688 1512744184.0425
CHLD 4 84.242188 1512744184.0425
CHLD 5 9.203125 1512744184.0425
MEM 2598.839844 1512744184.1493
CHLD 0 2.390625 1512744184.1572
CHLD 1 2.382812 1512744184.1572
CHLD 2 2.378906 1512744184.1573
CHLD 3 1520.746094 1512744184.1573
CHLD 4 84.242188 1512744184.1573
CHLD 5 9.203125 1512744184.1573
MEM 2840.679688 1512744184.2639
CHLD 0 2.390625 1512744184.2702
CHLD 1 2.382812 1512744184.2702
CHLD 2 2.378906 1512744184.2702
CHLD 3 1763.988281 1512744184.2702
CHLD 4 84.242188 1512744184.2703
CHLD 5 9.203125 1512744184.2703
MEM 3023.500000 1512744184.3802
CHLD 0 2.390625 1512744184.3874
CHLD 1 2.382812 1512744184.3875
CHLD 2 2.378906 1512744184.3875
CHLD 3 1942.992188 1512744184.3875
CHLD 4 84.226562 1512744184.3875
CHLD 5 9.203125 1512744184.3875
MEM 3247.503906 1512744184.4945
CHLD 0 2.390625 1512744184.5006
CHLD 1 2.382812 1512744184.5006
CHLD 2 2.378906 1512744184.5006
CHLD 3 2168.937500 1512744184.5006
CHLD 4 84.242188 1512744184.5007
CHLD 5 9.203125 1512744184.5007
MEM 3422.109375 1512744184.6091
CHLD 0 2.390625 1512744184.6208
CHLD 1 2.382812 1512744184.6209
CHLD 2 2.378906 1512744184.6209
CHLD 3 2354.273438 1512744184.6209
CHLD 4 84.242188 1512744184.6209
CHLD 5 9.203125 1512744184.6209
MEM 3515.445312 1512744184.7296
CHLD 0 2.390625 1512744184.7356
CHLD 1 2.382812 1512744184.7356
CHLD 2 2.378906 1512744184.7356
CHLD 3 2423.601562 1512744184.7356
CHLD 4 84.191406 1512744184.7357
CHLD 5 9.199219 1512744184.7357
MEM 3491.835938 1512744184.8460
CHLD 0 2.390625 1512744184.8521
CHLD 1 2.382812 1512744184.8521
CHLD 2 2.378906 1512744184.8522
CHLD 3 2407.460938 1512744184.8522
CHLD 4 84.191406 1512744184.8522
CHLD 5 9.199219 1512744184.8522
MEM 3504.253906 1512744184.9620
CHLD 0 2.390625 1512744184.9702
CHLD 1 2.382812 1512744184.9702
CHLD 2 2.378906 1512744184.9703
CHLD 3 2437.621094 1512744184.9703
CHLD 4 84.191406 1512744184.9703
CHLD 5 9.199219 1512744184.9703
MEM 3661.171875 1512744185.0846
CHLD 0 2.390625 1512744185.0912
CHLD 1 2.382812 1512744185.0912
CHLD 2 2.378906 1512744185.0912
CHLD 3 2575.246094 1512744185.0912
CHLD 4 84.191406 1512744185.0912
CHLD 5 9.199219 1512744185.0913
MEM 3612.566406 1512744185.1979
CHLD 0 2.390625 1512744185.2036
CHLD 1 2.382812 1512744185.2037
CHLD 2 2.378906 1512744185.2037
CHLD 3 2528.496094 1512744185.2037
CHLD 4 84.191406 1512744185.2037
CHLD 5 9.199219 1512744185.2037
MEM 3255.613281 1512744185.3123
CHLD 0 2.390625 1512744185.3182
CHLD 1 2.382812 1512744185.3182
CHLD 2 2.378906 1512744185.3182
CHLD 3 2178.796875 1512744185.3182
CHLD 4 84.191406 1512744185.3183
CHLD 5 9.199219 1512744185.3183
MEM 3183.902344 1512744185.4271
CHLD 0 2.390625 1512744185.4332
CHLD 1 2.382812 1512744185.4332
CHLD 2 2.378906 1512744185.4333
CHLD 3 2114.011719 1512744185.4333
CHLD 4 84.191406 1512744185.4333
CHLD 5 9.199219 1512744185.4333
MEM 3440.488281 1512744185.5445
CHLD 0 2.390625 1512744185.5502
CHLD 1 2.382812 1512744185.5503
CHLD 2 2.378906 1512744185.5503
CHLD 3 2367.089844 1512744185.5503
CHLD 4 84.191406 1512744185.5503
CHLD 5 9.199219 1512744185.5503
MEM 3547.921875 1512744185.6603
CHLD 0 2.390625 1512744185.6661
CHLD 1 2.382812 1512744185.6661
CHLD 2 2.378906 1512744185.6661
CHLD 3 2475.679688 1512744185.6661
CHLD 4 84.191406 1512744185.6661
CHLD 5 9.199219 1512744185.6662
MEM 3500.847656 1512744185.7747
CHLD 0 2.390625 1512744185.7796
CHLD 1 2.382812 1512744185.7796
CHLD 2 2.378906 1512744185.7796
CHLD 3 2295.445312 1512744185.7796
CHLD 4 84.175781 1512744185.7796
CHLD 5 9.199219 1512744185.7797
MEM 3066.218750 1512744185.8856
CHLD 0 2.390625 1512744185.8913
CHLD 1 2.382812 1512744185.8913
CHLD 2 2.378906 1512744185.8914
CHLD 3 1992.761719 1512744185.8914
CHLD 4 84.191406 1512744185.8914
CHLD 5 9.199219 1512744185.8914
MEM 3175.246094 1512744186.0013
CHLD 0 2.390625 1512744186.0075
CHLD 1 2.382812 1512744186.0075
CHLD 2 2.378906 1512744186.0075
CHLD 3 2108.546875 1512744186.0076
CHLD 4 84.191406 1512744186.0076
CHLD 5 9.199219 1512744186.0076
